TN:
SF:src/errors/internal-server.error.ts
FN:2,InternalServerError
FNF:1
FNH:1
FNDA:4,InternalServerError
DA:1,1
DA:2,1
DA:3,4
DA:4,4
DA:5,4
DA:6,1
LF:6
LH:6
BRDA:1,0,0,1
BRDA:2,1,0,4
BRDA:3,2,0,0
BRF:3
BRH:2
end_of_record
TN:
SF:src/errors/invalid-param.error.ts
FN:2,InvalidParamError
FNF:1
FNH:1
FNDA:2,InvalidParamError
DA:1,1
DA:2,1
DA:3,2
DA:4,2
DA:5,2
DA:6,1
LF:6
LH:6
BRDA:1,0,0,1
BRDA:2,1,0,2
BRDA:3,2,0,0
BRF:3
BRH:2
end_of_record
TN:
SF:src/errors/missing-param.error.ts
FN:2,MissingParamError
FNF:1
FNH:1
FNDA:4,MissingParamError
DA:1,1
DA:2,1
DA:3,4
DA:4,4
DA:5,4
DA:6,1
LF:6
LH:6
BRDA:1,0,0,1
BRDA:2,1,0,4
BRDA:3,2,0,0
BRF:3
BRH:2
end_of_record
TN:
SF:src/errors/unauthorized.error.ts
FN:2,UnauthorizedError
FNF:1
FNH:1
FNDA:2,UnauthorizedError
DA:1,1
DA:2,1
DA:3,2
DA:4,2
DA:5,2
DA:6,1
LF:6
LH:6
BRDA:1,0,0,1
BRDA:2,1,0,2
BRDA:3,2,0,0
BRF:3
BRH:2
end_of_record
TN:
SF:src/helpers/http-response.ts
FN:10,HttpResponse
FN:11,Object.<anonymous>.HttpResponse.badRequest
FN:18,Object.<anonymous>.HttpResponse.serverError
FN:25,Object.<anonymous>.HttpResponse.unauthorized
FN:32,Object.<anonymous>.HttpResponse.ok
FNF:5
FNH:4
FNDA:0,HttpResponse
FNDA:3,Object.<anonymous>.HttpResponse.badRequest
FNDA:3,Object.<anonymous>.HttpResponse.serverError
FNDA:1,Object.<anonymous>.HttpResponse.unauthorized
FNDA:3,Object.<anonymous>.HttpResponse.ok
DA:1,1
DA:2,1
DA:3,1
DA:4,1
DA:5,1
DA:6,1
DA:7,1
DA:8,1
DA:9,1
DA:10,0
DA:11,0
DA:12,3
DA:13,3
DA:14,3
DA:15,3
DA:16,3
DA:17,0
DA:18,0
DA:19,3
DA:20,3
DA:21,3
DA:22,3
DA:23,3
DA:24,0
DA:25,0
DA:26,1
DA:27,1
DA:28,1
DA:29,1
DA:30,1
DA:31,0
DA:32,0
DA:33,3
DA:34,3
DA:35,3
DA:36,3
DA:37,3
DA:38,0
LF:38
LH:29
BRDA:10,0,0,1
BRDA:11,1,0,3
BRDA:18,2,0,3
BRDA:25,3,0,1
BRDA:32,4,0,3
BRF:5
BRH:5
end_of_record
TN:
SF:src/routes/login-router.ts
FN:7,LoginRouter
FN:9,Object.<anonymous>.LoginRouter.route
FNF:2
FNH:2
FNDA:10,LoginRouter
FNDA:10,Object.<anonymous>.LoginRouter.route
DA:1,1
DA:2,1
DA:3,1
DA:4,1
DA:5,1
DA:6,1
DA:7,1
DA:8,1
DA:9,1
DA:10,10
DA:11,10
DA:12,10
DA:13,10
DA:14,1
DA:15,1
DA:16,8
DA:17,10
DA:18,1
DA:19,1
DA:20,6
DA:21,10
DA:22,1
DA:23,1
DA:24,5
DA:25,5
DA:26,10
DA:27,10
DA:28,1
DA:29,1
DA:30,3
DA:31,3
DA:32,10
DA:33,10
DA:34,10
DA:35,10
DA:36,1
LF:36
LH:36
BRDA:6,0,0,1
BRDA:7,1,0,10
BRDA:9,2,0,10
BRDA:13,3,0,1
BRDA:16,4,0,8
BRDA:17,5,0,1
BRDA:20,6,0,6
BRDA:21,7,0,1
BRDA:24,8,0,5
BRDA:27,9,0,1
BRDA:30,10,0,3
BRF:11
BRH:11
end_of_record
